09-01-2025 14:55:27.341 [Gauge] [INFO] Initializing concepts cache with 0 concepts
09-01-2025 14:55:27.342 [Gauge] [INFO] Initializing specs cache with 2 specs
09-01-2025 14:55:27.342 [Gauge] [DEBUG] Adding specs from C:\Users\human\AquaProjects\aquatests\specs\SauceDemo.spec
09-01-2025 14:55:27.342 [Gauge] [DEBUG] Adding specs from C:\Users\human\AquaProjects\aquatests\specs\SauceDemo1.spec
09-01-2025 14:55:27.342 [Gauge] [INFO] Initializing steps cache with 2 steps
09-01-2025 14:55:27.342 [Gauge] [INFO] Gauge daemon initialized and listening on port: 57599
09-01-2025 14:55:27.344 [Gauge] [DEBUG] Watching directory: C:\Users\human\AquaProjects\aquatests\specs
09-01-2025 14:55:27.344 [Gauge] [DEBUG] Found 2 files
09-01-2025 15:12:32.745 [Gauge] [INFO] Initializing concepts cache with 0 concepts
09-01-2025 15:12:32.746 [Gauge] [INFO] Initializing specs cache with 2 specs
09-01-2025 15:12:32.746 [Gauge] [DEBUG] Adding specs from C:\Users\human\AquaProjects\aquatests\specs\SauceDemo.spec
09-01-2025 15:12:32.746 [Gauge] [DEBUG] Adding specs from C:\Users\human\AquaProjects\aquatests\specs\SauceDemo1.spec
09-01-2025 15:12:32.746 [Gauge] [INFO] Initializing steps cache with 2 steps
09-01-2025 15:12:32.746 [Gauge] [INFO] Gauge daemon initialized and listening on port: 58012
09-01-2025 15:12:32.747 [Gauge] [DEBUG] Watching directory: C:\Users\human\AquaProjects\aquatests\specs
09-01-2025 15:12:32.748 [Gauge] [DEBUG] Found 2 files
09-01-2025 16:54:53.298 [Gauge] [INFO] Initializing concepts cache with 0 concepts
09-01-2025 16:54:53.311 [Gauge] [INFO] Initializing specs cache with 2 specs
09-01-2025 16:54:53.312 [Gauge] [DEBUG] Adding specs from C:\Users\human\AquaProjects\aquatests\specs\SauceDemo.spec
09-01-2025 16:54:53.312 [Gauge] [DEBUG] Adding specs from C:\Users\human\AquaProjects\aquatests\specs\SauceDemo1.spec
09-01-2025 16:54:53.312 [Gauge] [INFO] Initializing steps cache with 2 steps
09-01-2025 16:54:53.312 [Gauge] [INFO] Gauge daemon initialized and listening on port: 60237
09-01-2025 16:54:53.312 [Gauge] [DEBUG] Watching directory: C:\Users\human\AquaProjects\aquatests\specs
09-01-2025 16:54:53.312 [Gauge] [DEBUG] Found 2 files
